 Thu 08/06/2023  1:06:24.08 log of running D:\ssTEST\001_preparation.py 
 
vs_CD=D:\ssTEST\
vs_CD_bb=D:\\ssTEST\\
vs_path=D:\ssTEST\Vapoursynth_x64\
vs_path_bb=D:\\ssTEST\\Vapoursynth_x64\\
vs_temp=D:\ssTEST\temp\
vs_temp_bb=D:\\ssTEST\\temp\\
py_path=D:\ssTEST\Vapoursynth_x64\
ffmpeg_exe=C:\SOFTWARE\ffmpeg\ffmpeg.exe
mediainfo_exe=C:\SOFTWARE\ffmpeg\mediainfo.exe
root_folder_sources_list_for_images_pics=[ "D:\ssTEST\TEST_VIDS_IMAGES\2022-11-Tasmania_renamed\ORIGINALS\01", "D:\ssTEST\TEST_VIDS_IMAGES\2022-11-Tasmania_renamed\ORIGINALS\02" ]
root_folder_sources_list_for_images_pics_bb=[ "D:\\ssTEST\\TEST_VIDS_IMAGES\\2022-11-Tasmania_renamed\\ORIGINALS\\01", "D:\\ssTEST\\TEST_VIDS_IMAGES\\2022-11-Tasmania_renamed\\ORIGINALS\\02" ]
preparation_json_input_file=D:\ssTEST\001_preparation.py.json
preparation_json_input_file_bb=D:\\ssTEST\\001_preparation.py.json
all_chunks_output_file=D:\ssTEST\001_preparation.py.chunks.json
all_chunks_output_file_bb=D:\\ssTEST\\001_preparation.py.chunks.json
chunks_output_files_common_name=D:\ssTEST\001_preparation.py.chunk_
chunks_output_files_common_name_bb=D:\\ssTEST\\001_preparation.py.chunk_
chunks_output_files_common_name_glob=D:\ssTEST\001_preparation.py.chunk_*.json
chunks_output_files_common_name_glob_bb=D:\\ssTEST\\001_preparation.py.chunk_*.json
snippets_output_file_list=D:\ssTEST\001_preparation.py.list_of_snippets_files.txt
snippets_output_file_list_bb=D:\\ssTEST\\001_preparation.py.list_of_snippets_files.txt
background_audio_input=D:\ssTEST\background_music_concatenated_ebur128_final.doubled.m4a
background_audio_input_bb=D:\\ssTEST\\background_music_concatenated_ebur128_final.doubled.m4a
final_output_mp4_file=D:\ssTEST\vpy_slideshow.000-tasmania-renamed.FINAL_MUXED.mp4
final_output_mp4_file_bb=D:\\ssTEST\\vpy_slideshow.000-tasmania-renamed.FINAL_MUXED.mp4
PIC_EXTENSIONS=".png", ".jpg", ".jpeg", ".gif"
VID_EXTENSIONS=".mp4", ".mpeg4", ".mpg", ".mpeg", ".avi", ".mjpeg", ".3gp", ".mov"
EEK_EXTENSIONS=".m2ts"
VID_EEK_EXTENSIONS=".mp4", ".mpeg4", ".mpg", ".mpeg", ".avi", ".mjpeg", ".3gp", ".mov" , ".mp4", ".mpeg4", ".mpg", ".mpeg", ".avi", ".mjpeg", ".3gp", ".mov"
EXTENSIONS=".png", ".jpg", ".jpeg", ".gif" , ".mp4", ".mpeg4", ".mpg", ".mpeg", ".avi", ".mjpeg", ".3gp", ".mov" , ".m2ts"
MAX_VIDEO_FILES_PER_CHUNK=150
TOLERANCE_PERCENT_FINAL_CHUNK=20
 
Start of processing chunk files 
End of processing chunk files 
